current directory: /Users/mlbrinke/Repos/mylbrinkerhoff.github.io/th-cflags=-Wno-implicit-function-declaration/gems/ffi-1.12.2/ext/ffi_c
/System/Library/Frameworks/Ruby.framework/Versions/2.6/usr/bin/ruby -I /System/Library/Frameworks/Ruby.framework/Versions/2.6/usr/lib/ruby/2.6.0 -r ./siteconf20220925-72232-zaaeuv.rb extconf.rb
checking for ffi.h... no
checking for ffi.h in /usr/local/include,/usr/include/ffi... no
checking for shlwapi.h... no
checking for rb_thread_call_without_gvl()... yes
checking for ruby_native_thread_p()... yes
checking for ruby_thread_has_gvl_p()... yes
creating extconf.h
creating Makefile

current directory: /Users/mlbrinke/Repos/mylbrinkerhoff.github.io/th-cflags=-Wno-implicit-function-declaration/gems/ffi-1.12.2/ext/ffi_c
make "DESTDIR=" clean

current directory: /Users/mlbrinke/Repos/mylbrinkerhoff.github.io/th-cflags=-Wno-implicit-function-declaration/gems/ffi-1.12.2/ext/ffi_c
make "DESTDIR="
Configuring libffi
clang: error: unsupported option '-print-multi-os-directory'
clang: error: no input files
cd "/Users/mlbrinke/Repos/mylbrinkerhoff.github.io/th-cflags=-Wno-implicit-function-declaration/gems/ffi-1.12.2/ext/ffi_c/libffi-universal-darwin21" && /Library/Developer/CommandLineTools/usr/bin/make
/Library/Developer/CommandLineTools/usr/bin/make  all-recursive
Making all in include
make[3]: Nothing to be done for `all'.
Making all in testsuite
make[3]: Nothing to be done for `all'.
Making all in man
make[3]: Nothing to be done for `all'.
/bin/sh ./libtool  --tag=CC   --mode=compile xcrun clang -DHAVE_CONFIG_H -I. -I/Users/mlbrinke/Repos/mylbrinkerhoff.github.io/th-cflags=-Wno-implicit-function-declaration/gems/ffi-1.12.2/ext/ffi_c/libffi  -I. -I/Users/mlbrinke/Repos/mylbrinkerhoff.github.io/th-cflags=-Wno-implicit-function-declaration/gems/ffi-1.12.2/ext/ffi_c/libffi/include -Iinclude -I/Users/mlbrinke/Repos/mylbrinkerhoff.github.io/th-cflags=-Wno-implicit-function-declaration/gems/ffi-1.12.2/ext/ffi_c/libffi/src   -Wall -fexceptions -c -o src/prep_cif.lo /Users/mlbrinke/Repos/mylbrinkerhoff.github.io/th-cflags=-Wno-implicit-function-declaration/gems/ffi-1.12.2/ext/ffi_c/libffi/src/prep_cif.c
libtool: compile:  xcrun clang -DHAVE_CONFIG_H -I. -I/Users/mlbrinke/Repos/mylbrinkerhoff.github.io/th-cflags=-Wno-implicit-function-declaration/gems/ffi-1.12.2/ext/ffi_c/libffi -I. -I/Users/mlbrinke/Repos/mylbrinkerhoff.github.io/th-cflags=-Wno-implicit-function-declaration/gems/ffi-1.12.2/ext/ffi_c/libffi/include -Iinclude -I/Users/mlbrinke/Repos/mylbrinkerhoff.github.io/th-cflags=-Wno-implicit-function-declaration/gems/ffi-1.12.2/ext/ffi_c/libffi/src -Wall -fexceptions -c /Users/mlbrinke/Repos/mylbrinkerhoff.github.io/th-cflags=-Wno-implicit-function-declaration/gems/ffi-1.12.2/ext/ffi_c/libffi/src/prep_cif.c  -fno-common -DPIC -o src/.libs/prep_cif.o
/bin/sh ./libtool  --tag=CC   --mode=compile xcrun clang -DHAVE_CONFIG_H -I. -I/Users/mlbrinke/Repos/mylbrinkerhoff.github.io/th-cflags=-Wno-implicit-function-declaration/gems/ffi-1.12.2/ext/ffi_c/libffi  -I. -I/Users/mlbrinke/Repos/mylbrinkerhoff.github.io/th-cflags=-Wno-implicit-function-declaration/gems/ffi-1.12.2/ext/ffi_c/libffi/include -Iinclude -I/Users/mlbrinke/Repos/mylbrinkerhoff.github.io/th-cflags=-Wno-implicit-function-declaration/gems/ffi-1.12.2/ext/ffi_c/libffi/src   -Wall -fexceptions -c -o src/types.lo /Users/mlbrinke/Repos/mylbrinkerhoff.github.io/th-cflags=-Wno-implicit-function-declaration/gems/ffi-1.12.2/ext/ffi_c/libffi/src/types.c
libtool: compile:  xcrun clang -DHAVE_CONFIG_H -I. -I/Users/mlbrinke/Repos/mylbrinkerhoff.github.io/th-cflags=-Wno-implicit-function-declaration/gems/ffi-1.12.2/ext/ffi_c/libffi -I. -I/Users/mlbrinke/Repos/mylbrinkerhoff.github.io/th-cflags=-Wno-implicit-function-declaration/gems/ffi-1.12.2/ext/ffi_c/libffi/include -Iinclude -I/Users/mlbrinke/Repos/mylbrinkerhoff.github.io/th-cflags=-Wno-implicit-function-declaration/gems/ffi-1.12.2/ext/ffi_c/libffi/src -Wall -fexceptions -c /Users/mlbrinke/Repos/mylbrinkerhoff.github.io/th-cflags=-Wno-implicit-function-declaration/gems/ffi-1.12.2/ext/ffi_c/libffi/src/types.c  -fno-common -DPIC -o src/.libs/types.o
/bin/sh ./libtool  --tag=CC   --mode=compile xcrun clang -DHAVE_CONFIG_H -I. -I/Users/mlbrinke/Repos/mylbrinkerhoff.github.io/th-cflags=-Wno-implicit-function-declaration/gems/ffi-1.12.2/ext/ffi_c/libffi  -I. -I/Users/mlbrinke/Repos/mylbrinkerhoff.github.io/th-cflags=-Wno-implicit-function-declaration/gems/ffi-1.12.2/ext/ffi_c/libffi/include -Iinclude -I/Users/mlbrinke/Repos/mylbrinkerhoff.github.io/th-cflags=-Wno-implicit-function-declaration/gems/ffi-1.12.2/ext/ffi_c/libffi/src   -Wall -fexceptions -c -o src/raw_api.lo /Users/mlbrinke/Repos/mylbrinkerhoff.github.io/th-cflags=-Wno-implicit-function-declaration/gems/ffi-1.12.2/ext/ffi_c/libffi/src/raw_api.c
libtool: compile:  xcrun clang -DHAVE_CONFIG_H -I. -I/Users/mlbrinke/Repos/mylbrinkerhoff.github.io/th-cflags=-Wno-implicit-function-declaration/gems/ffi-1.12.2/ext/ffi_c/libffi -I. -I/Users/mlbrinke/Repos/mylbrinkerhoff.github.io/th-cflags=-Wno-implicit-function-declaration/gems/ffi-1.12.2/ext/ffi_c/libffi/include -Iinclude -I/Users/mlbrinke/Repos/mylbrinkerhoff.github.io/th-cflags=-Wno-implicit-function-declaration/gems/ffi-1.12.2/ext/ffi_c/libffi/src -Wall -fexceptions -c /Users/mlbrinke/Repos/mylbrinkerhoff.github.io/th-cflags=-Wno-implicit-function-declaration/gems/ffi-1.12.2/ext/ffi_c/libffi/src/raw_api.c  -fno-common -DPIC -o src/.libs/raw_api.o
/bin/sh ./libtool  --tag=CC   --mode=compile xcrun clang -DHAVE_CONFIG_H -I. -I/Users/mlbrinke/Repos/mylbrinkerhoff.github.io/th-cflags=-Wno-implicit-function-declaration/gems/ffi-1.12.2/ext/ffi_c/libffi  -I. -I/Users/mlbrinke/Repos/mylbrinkerhoff.github.io/th-cflags=-Wno-implicit-function-declaration/gems/ffi-1.12.2/ext/ffi_c/libffi/include -Iinclude -I/Users/mlbrinke/Repos/mylbrinkerhoff.github.io/th-cflags=-Wno-implicit-function-declaration/gems/ffi-1.12.2/ext/ffi_c/libffi/src   -Wall -fexceptions -c -o src/java_raw_api.lo /Users/mlbrinke/Repos/mylbrinkerhoff.github.io/th-cflags=-Wno-implicit-function-declaration/gems/ffi-1.12.2/ext/ffi_c/libffi/src/java_raw_api.c
libtool: compile:  xcrun clang -DHAVE_CONFIG_H -I. -I/Users/mlbrinke/Repos/mylbrinkerhoff.github.io/th-cflags=-Wno-implicit-function-declaration/gems/ffi-1.12.2/ext/ffi_c/libffi -I. -I/Users/mlbrinke/Repos/mylbrinkerhoff.github.io/th-cflags=-Wno-implicit-function-declaration/gems/ffi-1.12.2/ext/ffi_c/libffi/include -Iinclude -I/Users/mlbrinke/Repos/mylbrinkerhoff.github.io/th-cflags=-Wno-implicit-function-declaration/gems/ffi-1.12.2/ext/ffi_c/libffi/src -Wall -fexceptions -c /Users/mlbrinke/Repos/mylbrinkerhoff.github.io/th-cflags=-Wno-implicit-function-declaration/gems/ffi-1.12.2/ext/ffi_c/libffi/src/java_raw_api.c  -fno-common -DPIC -o src/.libs/java_raw_api.o
/Users/mlbrinke/Repos/mylbrinkerhoff.github.io/th-cflags=-Wno-implicit-function-declaration/gems/ffi-1.12.2/ext/ffi_c/libffi/src/java_raw_api.c:328:46: warning: 'ffi_java_raw_size' is deprecated [-Wdeprecated-declarations]
  ffi_java_raw *raw = (ffi_java_raw*)alloca (ffi_java_raw_size (cif));
                                             ^
include/ffi.h:299:56: note: 'ffi_java_raw_size' has been explicitly marked deprecated here
size_t ffi_java_raw_size (ffi_cif *cif) __attribute__((deprecated));
                                                       ^
/Users/mlbrinke/Repos/mylbrinkerhoff.github.io/th-cflags=-Wno-implicit-function-declaration/gems/ffi-1.12.2/ext/ffi_c/libffi/src/java_raw_api.c:331:3: warning: 'ffi_java_ptrarray_to_raw' is deprecated [-Wdeprecated-declarations]
  ffi_java_ptrarray_to_raw (cif, avalue, raw);
  ^
include/ffi.h:295:93: note: 'ffi_java_ptrarray_to_raw' has been explicitly marked deprecated here
void ffi_java_ptrarray_to_raw (ffi_cif *cif, void **args, ffi_java_raw *raw) __attribute__((deprecated));
                                                                                            ^
2 warnings generated.
/bin/sh ./libtool  --tag=CC   --mode=compile xcrun clang -DHAVE_CONFIG_H -I. -I/Users/mlbrinke/Repos/mylbrinkerhoff.github.io/th-cflags=-Wno-implicit-function-declaration/gems/ffi-1.12.2/ext/ffi_c/libffi  -I. -I/Users/mlbrinke/Repos/mylbrinkerhoff.github.io/th-cflags=-Wno-implicit-function-declaration/gems/ffi-1.12.2/ext/ffi_c/libffi/include -Iinclude -I/Users/mlbrinke/Repos/mylbrinkerhoff.github.io/th-cflags=-Wno-implicit-function-declaration/gems/ffi-1.12.2/ext/ffi_c/libffi/src   -Wall -fexceptions -c -o src/closures.lo /Users/mlbrinke/Repos/mylbrinkerhoff.github.io/th-cflags=-Wno-implicit-function-declaration/gems/ffi-1.12.2/ext/ffi_c/libffi/src/closures.c
libtool: compile:  xcrun clang -DHAVE_CONFIG_H -I. -I/Users/mlbrinke/Repos/mylbrinkerhoff.github.io/th-cflags=-Wno-implicit-function-declaration/gems/ffi-1.12.2/ext/ffi_c/libffi -I. -I/Users/mlbrinke/Repos/mylbrinkerhoff.github.io/th-cflags=-Wno-implicit-function-declaration/gems/ffi-1.12.2/ext/ffi_c/libffi/include -Iinclude -I/Users/mlbrinke/Repos/mylbrinkerhoff.github.io/th-cflags=-Wno-implicit-function-declaration/gems/ffi-1.12.2/ext/ffi_c/libffi/src -Wall -fexceptions -c /Users/mlbrinke/Repos/mylbrinkerhoff.github.io/th-cflags=-Wno-implicit-function-declaration/gems/ffi-1.12.2/ext/ffi_c/libffi/src/closures.c  -fno-common -DPIC -o src/.libs/closures.o
/bin/sh ./libtool  --tag=CC   --mode=compile xcrun clang -DHAVE_CONFIG_H -I. -I/Users/mlbrinke/Repos/mylbrinkerhoff.github.io/th-cflags=-Wno-implicit-function-declaration/gems/ffi-1.12.2/ext/ffi_c/libffi  -I. -I/Users/mlbrinke/Repos/mylbrinkerhoff.github.io/th-cflags=-Wno-implicit-function-declaration/gems/ffi-1.12.2/ext/ffi_c/libffi/include -Iinclude -I/Users/mlbrinke/Repos/mylbrinkerhoff.github.io/th-cflags=-Wno-implicit-function-declaration/gems/ffi-1.12.2/ext/ffi_c/libffi/src   -Wall -fexceptions -c -o src/arm/ffi.lo /Users/mlbrinke/Repos/mylbrinkerhoff.github.io/th-cflags=-Wno-implicit-function-declaration/gems/ffi-1.12.2/ext/ffi_c/libffi/src/arm/ffi.c
libtool: compile:  xcrun clang -DHAVE_CONFIG_H -I. -I/Users/mlbrinke/Repos/mylbrinkerhoff.github.io/th-cflags=-Wno-implicit-function-declaration/gems/ffi-1.12.2/ext/ffi_c/libffi -I. -I/Users/mlbrinke/Repos/mylbrinkerhoff.github.io/th-cflags=-Wno-implicit-function-declaration/gems/ffi-1.12.2/ext/ffi_c/libffi/include -Iinclude -I/Users/mlbrinke/Repos/mylbrinkerhoff.github.io/th-cflags=-Wno-implicit-function-declaration/gems/ffi-1.12.2/ext/ffi_c/libffi/src -Wall -fexceptions -c /Users/mlbrinke/Repos/mylbrinkerhoff.github.io/th-cflags=-Wno-implicit-function-declaration/gems/ffi-1.12.2/ext/ffi_c/libffi/src/arm/ffi.c  -fno-common -DPIC -o src/arm/.libs/ffi.o
/bin/sh ./libtool  --tag=CC   --mode=compile xcrun clang -DHAVE_CONFIG_H -I. -I/Users/mlbrinke/Repos/mylbrinkerhoff.github.io/th-cflags=-Wno-implicit-function-declaration/gems/ffi-1.12.2/ext/ffi_c/libffi  -I. -I/Users/mlbrinke/Repos/mylbrinkerhoff.github.io/th-cflags=-Wno-implicit-function-declaration/gems/ffi-1.12.2/ext/ffi_c/libffi/include -Iinclude -I/Users/mlbrinke/Repos/mylbrinkerhoff.github.io/th-cflags=-Wno-implicit-function-declaration/gems/ffi-1.12.2/ext/ffi_c/libffi/src  -I. -I/Users/mlbrinke/Repos/mylbrinkerhoff.github.io/th-cflags=-Wno-implicit-function-declaration/gems/ffi-1.12.2/ext/ffi_c/libffi/include -Iinclude -I/Users/mlbrinke/Repos/mylbrinkerhoff.github.io/th-cflags=-Wno-implicit-function-declaration/gems/ffi-1.12.2/ext/ffi_c/libffi/src  -c -o src/arm/sysv.lo /Users/mlbrinke/Repos/mylbrinkerhoff.github.io/th-cflags=-Wno-implicit-function-declaration/gems/ffi-1.12.2/ext/ffi_c/libffi/src/arm/sysv.S
libtool: compile:  xcrun clang -DHAVE_CONFIG_H -I. -I/Users/mlbrinke/Repos/mylbrinkerhoff.github.io/th-cflags=-Wno-implicit-function-declaration/gems/ffi-1.12.2/ext/ffi_c/libffi -I. -I/Users/mlbrinke/Repos/mylbrinkerhoff.github.io/th-cflags=-Wno-implicit-function-declaration/gems/ffi-1.12.2/ext/ffi_c/libffi/include -Iinclude -I/Users/mlbrinke/Repos/mylbrinkerhoff.github.io/th-cflags=-Wno-implicit-function-declaration/gems/ffi-1.12.2/ext/ffi_c/libffi/src -I. -I/Users/mlbrinke/Repos/mylbrinkerhoff.github.io/th-cflags=-Wno-implicit-function-declaration/gems/ffi-1.12.2/ext/ffi_c/libffi/include -Iinclude -I/Users/mlbrinke/Repos/mylbrinkerhoff.github.io/th-cflags=-Wno-implicit-function-declaration/gems/ffi-1.12.2/ext/ffi_c/libffi/src -c /Users/mlbrinke/Repos/mylbrinkerhoff.github.io/th-cflags=-Wno-implicit-function-declaration/gems/ffi-1.12.2/ext/ffi_c/libffi/src/arm/sysv.S  -fno-common -DPIC -o src/arm/.libs/sysv.o
/bin/sh ./libtool  --tag=CC   --mode=link xcrun clang  -Wall -fexceptions   -o libffi_convenience.la  src/prep_cif.lo src/types.lo src/raw_api.lo src/java_raw_api.lo src/closures.lo   src/arm/ffi.lo src/arm/sysv.lo 
libtool: link: ar cru .libs/libffi_convenience.a src/.libs/prep_cif.o src/.libs/types.o src/.libs/raw_api.o src/.libs/java_raw_api.o src/.libs/closures.o src/arm/.libs/ffi.o src/arm/.libs/sysv.o 
libtool: link: ranlib .libs/libffi_convenience.a
libtool: link: ( cd ".libs" && rm -f "libffi_convenience.la" && ln -s "../libffi_convenience.la" "libffi_convenience.la" )
/bin/sh ./libtool  --tag=CC   --mode=link xcrun clang  -Wall -fexceptions -no-undefined -version-info `grep -v '^#' /Users/mlbrinke/Repos/mylbrinkerhoff.github.io/th-cflags=-Wno-implicit-function-declaration/gems/ffi-1.12.2/ext/ffi_c/libffi/libtool-version`     -o libffi.la -rpath /usr/local/lib src/prep_cif.lo src/types.lo src/raw_api.lo src/java_raw_api.lo src/closures.lo  src/arm/ffi.lo src/arm/sysv.lo 
libtool: link: xcrun clang -dynamiclib  -o .libs/libffi.7.dylib  src/.libs/prep_cif.o src/.libs/types.o src/.libs/raw_api.o src/.libs/java_raw_api.o src/.libs/closures.o src/arm/.libs/ffi.o src/arm/.libs/sysv.o      -install_name  /usr/local/lib/libffi.7.dylib -compatibility_version 9 -current_version 9.0 -Wl,-single_module
Undefined symbols for architecture arm64:
  "_ffi_call", referenced from:
      _ffi_raw_call in raw_api.o
      _ffi_java_raw_call in java_raw_api.o
  "_ffi_closure_trampoline_table_page", referenced from:
      _ffi_trampoline_table_alloc in closures.o
  "_ffi_prep_cif_machdep", referenced from:
      _ffi_prep_cif_core in prep_cif.o
  "_ffi_prep_cif_machdep_var", referenced from:
      _ffi_prep_cif_core in prep_cif.o
  "_ffi_prep_closure_loc", referenced from:
      _ffi_prep_closure in prep_cif.o
      _ffi_prep_raw_closure_loc in raw_api.o
      _ffi_prep_java_raw_closure_loc in java_raw_api.o
ld: symbol(s) not found for architecture arm64
clang: error: linker command failed with exit code 1 (use -v to see invocation)
make[3]: *** [libffi.la] Error 1
make[2]: *** [all-recursive] Error 1
make[1]: *** [all] Error 2
make: *** ["/Users/mlbrinke/Repos/mylbrinkerhoff.github.io/th-cflags=-Wno-implicit-function-declaration/gems/ffi-1.12.2/ext/ffi_c/libffi-universal-darwin21"/.libs/libffi_convenience.a] Error 2

make failed, exit code 2
